gs://9splay-db-backup/homes/9SBK/9S-GoldDB/Backup/AccountReport/AccountReport_backup_2022_06_14_030008_7789890.bak
gs://9splay-db-backup/homes/9SBK/9S-GoldDB/Backup/GameLogReport/GameLogReport_backup_2022_06_14_040019_4687574.bak
gs://9splay-db-backup/homes/9SBK/MASTERDB/DB_NiceFinance/DB_NiceFinance_backup_2022_06_14_041004_0375503.bak
gs://9splay-db-backup/homes/9SBK/MASTERDB/NiceMemberDB/NiceMemberDB_backup_2022_06_14_041004_1000536.bak
gs://9splay-db-backup/homes/9SBK/MASTERDB/NicePaymentDB/NicePaymentDB_backup_2022_06_14_041004_1156787.bak
gs://9splay-db-backup/homes/9SBK/MASTERDB/NicePaymentV3DB/NicePaymentV3DB_backup_2022_06_14_041004_1156787.bak
gs://9splay-db-backup/homes/9SBK/MASTERDB/NiceReportDB/NiceReportDB_backup_2022_06_14_041004_1156787.bak
gs://9splay-db-backup/homes/9SBK/MASTERDB/PermissionSettingsBackup/PermissionSettingsBackup_MemberDBMaster_2022_06_14.sql
gs://9splay-db-backup/homes/9SBK/MASTERDB/NiceSuperMemberDB/NiceSuperMemberDB_backup_2022_06_14_041004_1156787.bak
gs://9splay-db-backup/homes/9SBK/MASTERDB/VIPReportDB/VIPReportDB_backup_2022_06_14_041004_1313042.bak
gs://9splay-db-backup/homes/9SBK/NL-AZDB01/Backup/9SA_DB/9SA_DB_backup_2022_06_14_004000_8066406.bak
gs://9splay-db-backup/homes/9SBK/NL-AZDB01/Backup/LINEatNicePlayDB/LINEatNicePlayDB_backup_2022_06_14_003000_7712720.bak
gs://9splay-db-backup/homes/9SBK/NL-AZDB02/Backup/NiceMobileServiceDB/NiceMobileServiceDB_backup_2022_06_14_040001_4547782.bak
gs://9splay-db-backup/homes/9SBK/NL-ReportDB/Backup/CsTools/CsTools_backup_2022_06_14_040006_2221800.bak
gs://9splay-db-backup/homes/9SBK/NL-ReportDB/Backup/NiceReportDB/NiceReportDB_backup_2022_06_14_040006_2377989.bak
gs://9splay-db-backup/homes/9SBK/NL-ReportDB/Backup/NiceService/NiceService_backup_2022_06_14_040006_2534329.bak
gs://9splay-db-backup/homes/9SBK/NL-ReportDB/Backup/VIPReportDB/VIPReportDB_backup_2022_06_14_040006_2534329.bak
gs://9splay-db-backup/homes/9SBK/NL-SDDB02/Backup/MobileDB/MobileDB_backup_2022_06_14_040001_4852359.bak
gs://9splay-db-backup/homes/9SBK/NL-SDDB04/Backup/NiceEventDB/NiceEventDB_backup_2022_06_14_040018_5259336.bak
gs://9splay-db-backup/homes/9SBK/NL-SDDB04/Backup/NicePlayWebDB/NicePlayWebDB_backup_2022_06_14_040018_5349439.bak
gs://9splay-db-backup/homes/9SBK/NL-SDDB05/Backup/CSTools/CSTools_backup_2022_06_14_040001_4630770.bak
gs://9splay-db-backup/homes/9SBK/NL-SDDB05/Backup/SDKDB/SDKDB_backup_2022_06_14_040001_4450771.bak
gs://9splay-db-backup/homes/9SBK/9S-Integration/Backup/VIPMemberDB/VIPMemberDB_backup_2022_06_14_040001_1904448.bak
