Product ID：GHKR  Date：2023-03-16
Global-01 今日新增 86 個檔案
Online-06 今日新增 58 個檔案
Online-08 今日新增 2 個檔案
Online-10 今日新增 10 個檔案
——————————————————————————————
所有伺服器新增檔案數與前日相同。
——————————————————————————————
Product ID：GHT  Date：2023-03-16
Global-01 今日新增 86 個檔案
Online-01 今日新增 5 個檔案
Online-06 今日新增 119 個檔案
Online-07 今日新增 118 個檔案
Online-10 今日新增 119 個檔案
——————————————————————————————
Online-01 相較昨日減少 1 個檔案。
——————————————————————————————
 
###### GCP Backup ######
-----GCP HSKR-----
所有伺服器新增檔案數與前日相同。
-----GCP TG-----
今日新增 11 個檔案
-----GCP TS-----
為不影響遊戲服務，暫時將DB備份關閉
 
 
###### NAS Backup ######
-----NAS PLT 六道無雙----
GS01 今日新增 1 個檔案
GS0119 今日新增 1 個檔案
GS0128 今日新增 1 個檔案
GS0152 今日新增 1 個檔案
GS0170 今日新增 1 個檔案
GS037 今日新增 1 個檔案
GS064 今日新增 1 個檔案
GS096 今日新增 1 個檔案
-----NAS WJGL 無盡的使命:美版----
GS1 今日新增 7 個檔案
GS14 今日新增 7 個檔案
GS3 今日新增 8 個檔案
GS4 今日新增 8 個檔案
GS7 今日新增 8 個檔案
GS9 今日新增 8 個檔案
GS94 今日新增 8 個檔案
GS95 今日新增 8 個檔案
GS97 今日新增 8 個檔案
GS98 今日新增 8 個檔案
GS99 今日新增 8 個檔案
-----NAS LHKR_戰鬥吧龍魂_韓版----
1 今日新增 7 個檔案
116 今日新增 7 個檔案
139 今日新增 7 個檔案
本日 144 服，沒有新增備份，可能已經關閉或故障，請與原廠或ＰＭ確認。
本日 145 服，沒有新增備份，可能已經關閉或故障，請與原廠或ＰＭ確認。
本日 146 服，沒有新增備份，可能已經關閉或故障，請與原廠或ＰＭ確認。
本日 147 服，沒有新增備份，可能已經關閉或故障，請與原廠或ＰＭ確認。
本日 148 服，沒有新增備份，可能已經關閉或故障，請與原廠或ＰＭ確認。
本日 149 服，沒有新增備份，可能已經關閉或故障，請與原廠或ＰＭ確認。
本日 150 服，沒有新增備份，可能已經關閉或故障，請與原廠或ＰＭ確認。
本日 151 服，沒有新增備份，可能已經關閉或故障，請與原廠或ＰＭ確認。
152 今日新增 7 個檔案
153 今日新增 7 個檔案
154 今日新增 7 個檔案
3 今日新增 7 個檔案
31 今日新增 7 個檔案
35 今日新增 7 個檔案
本日 39 服，沒有新增備份，可能已經關閉或故障，請與原廠或ＰＭ確認。
56 今日新增 7 個檔案
9 今日新增 7 個檔案
本日 9999 服，沒有新增備份，可能已經關閉或故障，請與原廠或ＰＭ確認。
-----NAS PLL 崑崙墟----
1 今日新增 5 個檔案
1000 今日新增 5 個檔案
127 今日新增 5 個檔案
173 今日新增 5 個檔案
191 今日新增 5 個檔案
24 今日新增 5 個檔案
5 今日新增 5 個檔案
-----NAS SS 紫青雙劍----
1 今日新增 5 個檔案
1000 今日新增 5 個檔案
225 今日新增 5 個檔案
311 今日新增 5 個檔案
317 今日新增 5 個檔案
320 今日新增 5 個檔案
323 今日新增 5 個檔案
324 今日新增 5 個檔案
325 今日新增 5 個檔案
4 今日新增 5 個檔案
